#
# A fatal error has been detected by the Java Runtime Environment:
#
#  
[error occurred during error reporting (printing exception/signal name), id 0x7, SIGBUS (0x7) at pc=0x00007fdf412c94d2]

, pid=458, tid=3308
#

[error occurred during error reporting (printing Java version string), id 0x7, SIGBUS (0x7) at pc=0x00007fdf411caf81]

# Problematic frame:
# 
[error occurred during error reporting (printing problematic frame), id 0x7, SIGBUS (0x7) at pc=0x00007fdf4111ede4]

# No core dump will be written. 
#
# If you would like to submit a bug report, please visit:
#   Unknown
#

---------------  S U M M A R Y ------------

Command Line: /home/k/.local/share/jupyter/kernels/java/ijava-1.3.0.jar /home/k/.local/share/jupyter/runtime/kernel-v2-251p0ZiJksxnAjO.json

Host: 
[error occurred during error reporting (printing summary machine and OS info), id 0x7, SIGBUS (0x7) at pc=0x00007fdf411b596f]


[error occurred during error reporting (printing date and time), id 0x7, SIGBUS (0x7) at pc=0x00007fdf41211b47]


---------------  T H R E A D  ---------------

Current thread (0x00007fde84019730):  
[error occurred during error reporting (printing current thread), id 0x7, SIGBUS (0x7) at pc=0x00007fdf40c64d77]

Stack: [0x00007fdf05e95000,0x00007fdf05f96000],  sp=0x00007fdf05f928a8,  free space=1014k
Native frames: (J=compiled Java code, j=interpreted, Vv=VM code, C=native code)

[error occurred during error reporting (printing native stack), id 0x7, SIGBUS (0x7) at pc=0x00007fdf4111ede4]

Java frames: (J=compiled Java code, j=interpreted, Vv=VM code)
v  ~UncommonTrapBlob
J 4183 c2
[error occurred during error reporting (printing Java stack), id 0x7, SIGBUS (0x7) at pc=0x00007fdf40909444]


siginfo: si_signo: 7 (SIGBUS), si_code: 2 (BUS_ADRERR), si_addr: 0x00007fdf3800c028

Register to memory mapping:

RAX=
[error occurred during error reporting (printing register info), id 0x7, SIGBUS (0x7) at pc=0x00007fdf211494c3]

Registers:
RAX=0x00007fdf41104fc0, RBX=0x00007fdf3800c010, RCX=0x0000000000000018, RDX=0x00007fdee0115c10
RSP=0x00007fdf05f928a8, RBP=0x00007fdf05f928c0, RSI=0x00007fdf05f928a0, RDI=0x00007fdf3800c018
R8 =0x00007ffc671f4080, R9 =0x00007ffc671f4090, R10=0x000000000001d5bc, R11=0x000000000000027c
R12=0x00007fde84019730, R13=0x00007fdf3800c000, R14=0x00007fdf3800c010, R15=0x00007fdf05f92ae0
RIP=0x00007fdf41104fc4, EFLAGS=0x0000000000010206, CSGSFS=0x002b000000000033, ERR=0x0000000000000004
  TRAPNO=0x000000000000000e

Top of Stack: (sp=0x00007fdf05f928a8)
0x00007fdf05f928a8:   
[error occurred during error reporting (printing registers, top of stack, instructions near pc), id 0x7, SIGBUS (0x7) at pc=0x00007fdf211494c3]


[error occurred during error reporting (inspecting top of stack), id 0x7, SIGBUS (0x7) at pc=0x00007fdf211494c3]


---------------  P R O C E S S  ---------------

Threads class SMR info:
_java_thread_list=0x00007fded418dc50, length=18, elements={
0x00007fdf38013f00, 0x00007fdf3813ab80, 0x00007fdf3813bf60, 0x00007fdf38143b40,
0x00007fdf38144ef0, 0x00007fdf38146300, 0x00007fdf38147d30, 0x00007fdf38151250,
0x00007fdf381526c0, 0x00007fdf38159cb0, 0x00007fdf3815d130, 0x00007fdf3828d9e0,
0x00007fdf38283d30, 0x00007fdf383cae90, 0x00007fdf385f17e0, 0x00007fdf385f5920,
0x00007fdf385f9d30, 0x00007fde84019730
}

Java Threads: ( => current thread )
  0x00007fdf38013f00 
[error occurred during error reporting (printing all threads), id 0x7, SIGBUS (0x7) at pc=0x00007fdf40c64d77]

VM state: not at safepoint (normal execution)

VM Mutex/Monitor currently owned by a thread: None

Heap address: 0x0000000088400000, size: 1916 MB, Compressed Oops mode: 32-bit

CDS archive(s) mapped at: [0x0000000800000000-0x0000000800be3000-0x0000000800be3000), size 12464128, SharedBaseAddress: 0x0000000800000000, ArchiveRelocationMode: 0.
Compressed class space mapped at: 0x0000000800c00000-0x0000000840c00000, reserved size: 1073741824
Narrow klass base: 0x0000000800000000, Narrow klass shift: 0, Narrow klass range: 0x100000000

GC Precious Log:
 CPUs: 16 total, 16 available
 Memory: 7660M
 Large Page Support: Disabled
 NUMA Support: Disabled
 Compressed Oops: Enabled (32-bit)
 Heap Region Size: 1M
 Heap Min Capacity: 8M
 Heap Initial Capacity: 120M
 Heap Max Capacity: 1916M
 Pre-touch: Disabled
 Parallel Workers: 13
 Concurrent Workers: 3
 Concurrent Refinement Workers: 13
 Periodic GC: Disabled

Heap:
 garbage-first heap   total 274432K, used 32801K [0x0000000088400000, 0x0000000100000000)
  region size 1024K, 2 young (2048K), 1 survivors (1024K)
 Metaspace       used 17859K, committed 18112K, reserved 1064960K
  class space    used 2075K, committed 2176K, reserved 1048576K

Heap Regions: E=young(eden), S=young(survivor), O=old, HS=humongous(starts), HC=humongous(continues), CS=collection set, F=free, OA=open archive, CA=closed archive, TAMS=top-at-mark-start (previous, next)
|   0|0x0000000088400000, 0x0000000088500000, 0x0000000088500000|100%| O|  |TAMS 0x0000000088400000, 0x0000000088400000| Untracked 
|   1|0x0000000088500000, 0x0000000088600000, 0x0000000088600000|100%| O|  |TAMS 0x0000000088500000, 0x0000000088500000| Untracked 
|   2|0x0000000088600000, 0x0000000088700000, 0x0000000088700000|100%| O|  |TAMS 0x0000000088600000, 0x0000000088600000| Untracked 
|   3|0x0000000088700000, 0x0000000088800000, 0x0000000088800000|100%| O|  |TAMS 0x0000000088700000, 0x0000000088700000| Untracked 
|   4|0x0000000088800000, 0x0000000088900000, 0x0000000088900000|100%| O|  |TAMS 0x0000000088800000, 0x0000000088800000| Untracked 
|   5|0x0000000088900000, 0x0000000088a00000, 0x0000000088a00000|100%| O|  |TAMS 0x0000000088900000, 0x0000000088900000| Untracked 
|   6|0x0000000088a00000, 0x0000000088b00000, 0x0000000088b00000|100%| O|  |TAMS 0x0000000088a00000, 0x0000000088a00000| Untracked 
|   7|0x0000000088b00000, 0x0000000088c00000, 0x0000000088c00000|100%| O|  |TAMS 0x0000000088b00000, 0x0000000088b00000| Untracked 
|   8|0x0000000088c00000, 0x0000000088d00000, 0x0000000088d00000|100%| O|  |TAMS 0x0000000088c00000, 0x0000000088c00000| Untracked 
|   9|0x0000000088d00000, 0x0000000088e00000, 0x0000000088e00000|100%| O|  |TAMS 0x0000000088d00000, 0x0000000088d00000| Untracked 
|  10|0x0000000088e00000, 0x0000000088f00000, 0x0000000088f00000|100%| O|  |TAMS 0x0000000088e00000, 0x0000000088e00000| Untracked 
|  11|0x0000000088f00000, 0x0000000089000000, 0x0000000089000000|100%| O|  |TAMS 0x0000000088f00000, 0x0000000088f00000| Untracked 
|  12|0x0000000089000000, 0x0000000089100000, 0x0000000089100000|100%| O|  |TAMS 0x0000000089000000, 0x0000000089000000| Untracked 
|  13|0x0000000089100000, 0x0000000089200000, 0x0000000089200000|100%| O|  |TAMS 0x0000000089100000, 0x0000000089100000| Untracked 
|  14|0x0000000089200000, 0x0000000089300000, 0x0000000089300000|100%| O|  |TAMS 0x0000000089200000, 0x0000000089200000| Untracked 
|  15|0x0000000089300000, 0x0000000089400000, 0x0000000089400000|100%| O|  |TAMS 0x0000000089300000, 0x0000000089300000| Untracked 
|  16|0x0000000089400000, 0x0000000089500000, 0x0000000089500000|100%| O|  |TAMS 0x0000000089400000, 0x0000000089400000| Untracked 
|  17|0x0000000089500000, 0x0000000089600000, 0x0000000089600000|100%| O|  |TAMS 0x0000000089500000, 0x0000000089500000| Untracked 
|  18|0x0000000089600000, 0x0000000089700000, 0x0000000089700000|100%| O|  |TAMS 0x0000000089600000, 0x0000000089600000| Untracked 
|  19|0x0000000089700000, 0x0000000089800000, 0x0000000089800000|100%| O|  |TAMS 0x0000000089700000, 0x0000000089700000| Untracked 
|  20|0x0000000089800000, 0x0000000089900000, 0x0000000089900000|100%| O|  |TAMS 0x0000000089800000, 0x0000000089800000| Untracked 
|  21|0x0000000089900000, 0x0000000089a00000, 0x0000000089a00000|100%| O|  |TAMS 0x0000000089900000, 0x0000000089900000| Untracked 
|  22|0x0000000089a00000, 0x0000000089b00000, 0x0000000089b00000|100%| O|  |TAMS 0x0000000089a00000, 0x0000000089a00000| Untracked 
|  23|0x0000000089b00000, 0x0000000089c00000, 0x0000000089c00000|100%| O|  |TAMS 0x0000000089b00000, 0x0000000089b00000| Untracked 
|  24|0x0000000089c00000, 0x0000000089d00000, 0x0000000089d00000|100%| O|  |TAMS 0x0000000089c00000, 0x0000000089c00000| Untracked 
|  25|0x0000000089d00000, 0x0000000089e00000, 0x0000000089e00000|100%| O|  |TAMS 0x0000000089d00000, 0x0000000089d00000| Untracked 
|  26|0x0000000089e00000, 0x0000000089f00000, 0x0000000089f00000|100%| O|  |TAMS 0x0000000089e00000, 0x0000000089e00000| Untracked 
|  27|0x0000000089f00000, 0x000000008a000000, 0x000000008a000000|100%| O|  |TAMS 0x0000000089f00000, 0x0000000089f00000| Untracked 
|  28|0x000000008a000000, 0x000000008a100000, 0x000000008a100000|100%| O|  |TAMS 0x000000008a000000, 0x000000008a000000| Untracked 
|  29|0x000000008a100000, 0x000000008a200000, 0x000000008a200000|100%| O|  |TAMS 0x000000008a100000, 0x000000008a100000| Untracked 
|  30|0x000000008a200000, 0x000000008a24b400, 0x000000008a300000| 29%| O|  |TAMS 0x000000008a200000, 0x000000008a200000| Untracked 
|  31|0x000000008a300000, 0x000000008a300000, 0x000000008a400000|  0%| F|  |TAMS 0x000000008a300000, 0x000000008a300000| Untracked 
|  32|0x000000008a400000, 0x000000008a400000, 0x000000008a500000|  0%| F|  |TAMS 0x000000008a400000, 0x000000008a400000| Untracked 
|  33|0x000000008a500000, 0x000000008a500000, 0x000000008a600000|  0%| F|  |TAMS 0x000000008a500000, 0x000000008a500000| Untracked 
|  34|0x000000008a600000, 0x000000008a600000, 0x000000008a700000|  0%| F|  |TAMS 0x000000008a600000, 0x000000008a600000| Untracked 
|  35|0x000000008a700000, 0x000000008a700000, 0x000000008a800000|  0%| F|  |TAMS 0x000000008a700000, 0x000000008a700000| Untracked 
|  36|0x000000008a800000, 0x000000008a800000, 0x000000008a900000|  0%| F|  |TAMS 0x000000008a800000, 0x000000008a800000| Untracked 
|  37|0x000000008a900000, 0x000000008a900000, 0x000000008aa00000|  0%| F|  |TAMS 0x000000008a900000, 0x000000008a900000| Untracked 
|  38|0x000000008aa00000, 0x000000008aa00000, 0x000000008ab00000|  0%| F|  |TAMS 0x000000008aa00000, 0x000000008aa00000| Untracked 
|  39|0x000000008ab00000, 0x000000008ab00000, 0x000000008ac00000|  0%| F|  |TAMS 0x000000008ab00000, 0x000000008ab00000| Untracked 
|  40|0x000000008ac00000, 0x000000008ac00000, 0x000000008ad00000|  0%| F|  |TAMS 0x000000008ac00000, 0x000000008ac00000| Untracked 
|  41|0x000000008ad00000, 0x000000008ad00000, 0x000000008ae00000|  0%| F|  |TAMS 0x000000008ad00000, 0x000000008ad00000| Untracked 
|  42|0x000000008ae00000, 0x000000008ae00000, 0x000000008af00000|  0%| F|  |TAMS 0x000000008ae00000, 0x000000008ae00000| Untracked 
|  43|0x000000008af00000, 0x000000008af00000, 0x000000008b000000|  0%| F|  |TAMS 0x000000008af00000, 0x000000008af00000| Untracked 
|  44|0x000000008b000000, 0x000000008b000000, 0x000000008b100000|  0%| F|  |TAMS 0x000000008b000000, 0x000000008b000000| Untracked 
|  45|0x000000008b100000, 0x000000008b100000, 0x000000008b200000|  0%| F|  |TAMS 0x000000008b100000, 0x000000008b100000| Untracked 
|  46|0x000000008b200000, 0x000000008b200000, 0x000000008b300000|  0%| F|  |TAMS 0x000000008b200000, 0x000000008b200000| Untracked 
|  47|0x000000008b300000, 0x000000008b300000, 0x000000008b400000|  0%| F|  |TAMS 0x000000008b300000, 0x000000008b300000| Untracked 
|  48|0x000000008b400000, 0x000000008b400000, 0x000000008b500000|  0%| F|  |TAMS 0x000000008b400000, 0x000000008b400000| Untracked 
|  49|0x000000008b500000, 0x000000008b500000, 0x000000008b600000|  0%| F|  |TAMS 0x000000008b500000, 0x000000008b500000| Untracked 
|  50|0x000000008b600000, 0x000000008b600000, 0x000000008b700000|  0%| F|  |TAMS 0x000000008b600000, 0x000000008b600000| Untracked 
|  51|0x000000008b700000, 0x000000008b700000, 0x000000008b800000|  0%| F|  |TAMS 0x000000008b700000, 0x000000008b700000| Untracked 
|  52|0x000000008b800000, 0x000000008b800000, 0x000000008b900000|  0%| F|  |TAMS 0x000000008b800000, 0x000000008b800000| Untracked 
|  53|0x000000008b900000, 0x000000008b900000, 0x000000008ba00000|  0%| F|  |TAMS 0x000000008b900000, 0x000000008b900000| Untracked 
|  54|0x000000008ba00000, 0x000000008ba00000, 0x000000008bb00000|  0%| F|  |TAMS 0x000000008ba00000, 0x000000008ba00000| Untracked 
|  55|0x000000008bb00000, 0x000000008bb00000, 0x000000008bc00000|  0%| F|  |TAMS 0x000000008bb00000, 0x000000008bb00000| Untracked 
|  56|0x000000008bc00000, 0x000000008bc00000, 0x000000008bd00000|  0%| F|  |TAMS 0x000000008bc00000, 0x000000008bc00000| Untracked 
|  57|0x000000008bd00000, 0x000000008bd00000, 0x000000008be00000|  0%| F|  |TAMS 0x000000008bd00000, 0x000000008bd00000| Untracked 
|  58|0x000000008be00000, 0x000000008be00000, 0x000000008bf00000|  0%| F|  |TAMS 0x000000008be00000, 0x000000008be00000| Untracked 
|  59|0x000000008bf00000, 0x000000008bf00000, 0x000000008c000000|  0%| F|  |TAMS 0x000000008bf00000, 0x000000008bf00000| Untracked 
|  60|0x000000008c000000, 0x000000008c000000, 0x000000008c100000|  0%| F|  |TAMS 0x000000008c000000, 0x000000008c000000| Untracked 
|  61|0x000000008c100000, 0x000000008c100000, 0x000000008c200000|  0%| F|  |TAMS 0x000000008c100000, 0x000000008c100000| Untracked 
|  62|0x000000008c200000, 0x000000008c200000, 0x000000008c300000|  0%| F|  |TAMS 0x000000008c200000, 0x000000008c200000| Untracked 
|  63|0x000000008c300000, 0x000000008c300000, 0x000000008c400000|  0%| F|  |TAMS 0x000000008c300000, 0x000000008c300000| Untracked 
|  64|0x000000008c400000, 0x000000008c400000, 0x000000008c500000|  0%| F|  |TAMS 0x000000008c400000, 0x000000008c400000| Untracked 
|  65|0x000000008c500000, 0x000000008c500000, 0x000000008c600000|  0%| F|  |TAMS 0x000000008c500000, 0x000000008c500000| Untracked 
|  66|0x000000008c600000, 0x000000008c600000, 0x000000008c700000|  0%| F|  |TAMS 0x000000008c600000, 0x000000008c600000| Untracked 
|  67|0x000000008c700000, 0x000000008c700000, 0x000000008c800000|  0%| F|  |TAMS 0x000000008c700000, 0x000000008c700000| Untracked 
|  68|0x000000008c800000, 0x000000008c800000, 0x000000008c900000|  0%| F|  |TAMS 0x000000008c800000, 0x000000008c800000| Untracked 
|  69|0x000000008c900000, 0x000000008c900000, 0x000000008ca00000|  0%| F|  |TAMS 0x000000008c900000, 0x000000008c900000| Untracked 
|  70|0x000000008ca00000, 0x000000008ca00000, 0x000000008cb00000|  0%| F|  |TAMS 0x000000008ca00000, 0x000000008ca00000| Untracked 
|  71|0x000000008cb00000, 0x000000008cb00000, 0x000000008cc00000|  0%| F|  |TAMS 0x000000008cb00000, 0x000000008cb00000| Untracked 
|  72|0x000000008cc00000, 0x000000008cc00000, 0x000000008cd00000|  0%| F|  |TAMS 0x000000008cc00000, 0x000000008cc00000| Untracked 
|  73|0x000000008cd00000, 0x000000008cd00000, 0x000000008ce00000|  0%| F|  |TAMS 0x000000008cd00000, 0x000000008cd00000| Untracked 
|  74|0x000000008ce00000, 0x000000008ce00000, 0x000000008cf00000|  0%| F|  |TAMS 0x000000008ce00000, 0x000000008ce00000| Untracked 
|  75|0x000000008cf00000, 0x000000008cf00000, 0x000000008d000000|  0%| F|  |TAMS 0x000000008cf00000, 0x000000008cf00000| Untracked 
|  76|0x000000008d000000, 0x000000008d000000, 0x000000008d100000|  0%| F|  |TAMS 0x000000008d000000, 0x000000008d000000| Untracked 
|  77|0x000000008d100000, 0x000000008d100000, 0x000000008d200000|  0%| F|  |TAMS 0x000000008d100000, 0x000000008d100000| Untracked 
|  78|0x000000008d200000, 0x000000008d200000, 0x000000008d300000|  0%| F|  |TAMS 0x000000008d200000, 0x000000008d200000| Untracked 
|  79|0x000000008d300000, 0x000000008d300000, 0x000000008d400000|  0%| F|  |TAMS 0x000000008d300000, 0x000000008d300000| Untracked 
|  80|0x000000008d400000, 0x000000008d400000, 0x000000008d500000|  0%| F|  |TAMS 0x000000008d400000, 0x000000008d400000| Untracked 
|  81|0x000000008d500000, 0x000000008d500000, 0x000000008d600000|  0%| F|  |TAMS 0x000000008d500000, 0x000000008d500000| Untracked 
|  82|0x000000008d600000, 0x000000008d600000, 0x000000008d700000|  0%| F|  |TAMS 0x000000008d600000, 0x000000008d600000| Untracked 
|  83|0x000000008d700000, 0x000000008d700000, 0x000000008d800000|  0%| F|  |TAMS 0x000000008d700000, 0x000000008d700000| Untracked 
|  84|0x000000008d800000, 0x000000008d800000, 0x000000008d900000|  0%| F|  |TAMS 0x000000008d800000, 0x000000008d800000| Untracked 
|  85|0x000000008d900000, 0x000000008d900000, 0x000000008da00000|  0%| F|  |TAMS 0x000000008d900000, 0x000000008d900000| Untracked 
|  86|0x000000008da00000, 0x000000008da00000, 0x000000008db00000|  0%| F|  |TAMS 0x000000008da00000, 0x000000008da00000| Untracked 
|  87|0x000000008db00000, 0x000000008db00000, 0x000000008dc00000|  0%| F|  |TAMS 0x000000008db00000, 0x000000008db00000| Untracked 
|  88|0x000000008dc00000, 0x000000008dc00000, 0x000000008dd00000|  0%| F|  |TAMS 0x000000008dc00000, 0x000000008dc00000| Untracked 
|  89|0x000000008dd00000, 0x000000008dd00000, 0x000000008de00000|  0%| F|  |TAMS 0x000000008dd00000, 0x000000008dd00000| Untracked 
|  90|0x000000008de00000, 0x000000008de00000, 0x000000008df00000|  0%| F|  |TAMS 0x000000008de00000, 0x000000008de00000| Untracked 
|  91|0x000000008df00000, 0x000000008df00000, 0x000000008e000000|  0%| F|  |TAMS 0x000000008df00000, 0x000000008df00000| Untracked 
|  92|0x000000008e000000, 0x000000008e000000, 0x000000008e100000|  0%| F|  |TAMS 0x000000008e000000, 0x000000008e000000| Untracked 
|  93|0x000000008e100000, 0x000000008e100000, 0x000000008e200000|  0%| F|  |TAMS 0x000000008e100000, 0x000000008e100000| Untracked 
|  94|0x000000008e200000, 0x000000008e200000, 0x000000008e300000|  0%| F|  |TAMS 0x000000008e200000, 0x000000008e200000| Untracked 
|  95|0x000000008e300000, 0x000000008e300000, 0x000000008e400000|  0%| F|  |TAMS 0x000000008e300000, 0x000000008e300000| Untracked 
|  96|0x000000008e400000, 0x000000008e400000, 0x000000008e500000|  0%| F|  |TAMS 0x000000008e400000, 0x000000008e400000| Untracked 
|  97|0x000000008e500000, 0x000000008e500000, 0x000000008e600000|  0%| F|  |TAMS 0x000000008e500000, 0x000000008e500000| Untracked 
|  98|0x000000008e600000, 0x000000008e600000, 0x000000008e700000|  0%| F|  |TAMS 0x000000008e600000, 0x000000008e600000| Untracked 
|  99|0x000000008e700000, 0x000000008e700000, 0x000000008e800000|  0%| F|  |TAMS 0x000000008e700000, 0x000000008e700000| Untracked 
| 100|0x000000008e800000, 0x000000008e800000, 0x000000008e900000|  0%| F|  |TAMS 0x000000008e800000, 0x000000008e800000| Untracked 
| 101|0x000000008e900000, 0x000000008e900000, 0x000000008ea00000|  0%| F|  |TAMS 0x000000008e900000, 0x000000008e900000| Untracked 
| 102|0x000000008ea00000, 0x000000008ea00000, 0x000000008eb00000|  0%| F|  |TAMS 0x000000008ea00000, 0x000000008ea00000| Untracked 
| 103|0x000000008eb00000, 0x000000008eb00000, 0x000000008ec00000|  0%| F|  |TAMS 0x000000008eb00000, 0x000000008eb00000| Untracked 
| 104|0x000000008ec00000, 0x000000008ec00000, 0x000000008ed00000|  0%| F|  |TAMS 0x000000008ec00000, 0x000000008ec00000| Untracked 
| 105|0x000000008ed00000, 0x000000008ed00000, 0x000000008ee00000|  0%| F|  |TAMS 0x000000008ed00000, 0x000000008ed00000| Untracked 
| 106|0x000000008ee00000, 0x000000008ee00000, 0x000000008ef00000|  0%| F|  |TAMS 0x000000008ee00000, 0x000000008ee00000| Untracked 
| 107|0x000000008ef00000, 0x000000008efc3348, 0x000000008f000000| 76%| S|CS|TAMS 0x000000008ef00000, 0x000000008ef00000| Complete 
| 108|0x000000008f000000, 0x000000008f000000, 0x000000008f100000|  0%| F|  |TAMS 0x000000008f000000, 0x000000008f000000| Untracked 
| 109|0x000000008f100000, 0x000000008f100000, 0x000000008f200000|  0%| F|  |TAMS 0x000000008f100000, 0x000000008f100000| Untracked 
| 110|0x000000008f200000, 0x000000008f200000, 0x000000008f300000|  0%| F|  |TAMS 0x000000008f200000, 0x000000008f200000| Untracked 
| 111|0x000000008f300000, 0x000000008f300000, 0x000000008f400000|  0%| F|  |TAMS 0x000000008f300000, 0x000000008f300000| Untracked 
| 112|0x000000008f400000, 0x000000008f400000, 0x000000008f500000|  0%| F|  |TAMS 0x000000008f400000, 0x000000008f400000| Untracked 
| 113|0x000000008f500000, 0x000000008f500000, 0x000000008f600000|  0%| F|  |TAMS 0x000000008f500000, 0x000000008f500000| Untracked 
| 114|0x000000008f600000, 0x000000008f600000, 0x000000008f700000|  0%| F|  |TAMS 0x000000008f600000, 0x000000008f600000| Untracked 
| 115|0x000000008f700000, 0x000000008f700000, 0x000000008f800000|  0%| F|  |TAMS 0x000000008f700000, 0x000000008f700000| Untracked 
| 116|0x000000008f800000, 0x000000008f800000, 0x000000008f900000|  0%| F|  |TAMS 0x000000008f800000, 0x000000008f800000| Untracked 
| 117|0x000000008f900000, 0x000000008f900000, 0x000000008fa00000|  0%| F|  |TAMS 0x000000008f900000, 0x000000008f900000| Untracked 
| 118|0x000000008fa00000, 0x000000008fa00000, 0x000000008fb00000|  0%| F|  |TAMS 0x000000008fa00000, 0x000000008fa00000| Untracked 
| 119|0x000000008fb00000, 0x000000008fb00000, 0x000000008fc00000|  0%| F|  |TAMS 0x000000008fb00000, 0x000000008fb00000| Untracked 
| 120|0x000000008fc00000, 0x000000008fc00000, 0x000000008fd00000|  0%| F|  |TAMS 0x000000008fc00000, 0x000000008fc00000| Untracked 
| 121|0x000000008fd00000, 0x000000008fd00000, 0x000000008fe00000|  0%| F|  |TAMS 0x000000008fd00000, 0x000000008fd00000| Untracked 
| 122|0x000000008fe00000, 0x000000008fe00000, 0x000000008ff00000|  0%| F|  |TAMS 0x000000008fe00000, 0x000000008fe00000| Untracked 
| 123|0x000000008ff00000, 0x000000008ff00000, 0x0000000090000000|  0%| F|  |TAMS 0x000000008ff00000, 0x000000008ff00000| Untracked 
| 124|0x0000000090000000, 0x0000000090000000, 0x0000000090100000|  0%| F|  |TAMS 0x0000000090000000, 0x0000000090000000| Untracked 
| 125|0x0000000090100000, 0x0000000090100000, 0x0000000090200000|  0%| F|  |TAMS 0x0000000090100000, 0x0000000090100000| Untracked 
| 126|0x0000000090200000, 0x0000000090200000, 0x0000000090300000|  0%| F|  |TAMS 0x0000000090200000, 0x0000000090200000| Untracked 
| 127|0x0000000090300000, 0x0000000090300000, 0x0000000090400000|  0%| F|  |TAMS 0x0000000090300000, 0x0000000090300000| Untracked 
| 128|0x0000000090400000, 0x0000000090400000, 0x0000000090500000|  0%| F|  |TAMS 0x0000000090400000, 0x0000000090400000| Untracked 
| 129|0x0000000090500000, 0x0000000090500000, 0x0000000090600000|  0%| F|  |TAMS 0x0000000090500000, 0x0000000090500000| Untracked 
| 130|0x0000000090600000, 0x0000000090600000, 0x0000000090700000|  0%| F|  |TAMS 0x0000000090600000, 0x0000000090600000| Untracked 
| 131|0x0000000090700000, 0x0000000090700000, 0x0000000090800000|  0%| F|  |TAMS 0x0000000090700000, 0x0000000090700000| Untracked 
| 132|0x0000000090800000, 0x0000000090800000, 0x0000000090900000|  0%| F|  |TAMS 0x0000000090800000, 0x0000000090800000| Untracked 
| 133|0x0000000090900000, 0x0000000090900000, 0x0000000090a00000|  0%| F|  |TAMS 0x0000000090900000, 0x0000000090900000| Untracked 
| 134|0x0000000090a00000, 0x0000000090a00000, 0x0000000090b00000|  0%| F|  |TAMS 0x0000000090a00000, 0x0000000090a00000| Untracked 
| 135|0x0000000090b00000, 0x0000000090b00000, 0x0000000090c00000|  0%| F|  |TAMS 0x0000000090b00000, 0x0000000090b00000| Untracked 
| 136|0x0000000090c00000, 0x0000000090c00000, 0x0000000090d00000|  0%| F|  |TAMS 0x0000000090c00000, 0x0000000090c00000| Untracked 
| 137|0x0000000090d00000, 0x0000000090d00000, 0x0000000090e00000|  0%| F|  |TAMS 0x0000000090d00000, 0x0000000090d00000| Untracked 
| 138|0x0000000090e00000, 0x0000000090e00000, 0x0000000090f00000|  0%| F|  |TAMS 0x0000000090e00000, 0x0000000090e00000| Untracked 
| 139|0x0000000090f00000, 0x0000000090f00000, 0x0000000091000000|  0%| F|  |TAMS 0x0000000090f00000, 0x0000000090f00000| Untracked 
| 140|0x0000000091000000, 0x0000000091000000, 0x0000000091100000|  0%| F|  |TAMS 0x0000000091000000, 0x0000000091000000| Untracked 
| 141|0x0000000091100000, 0x0000000091100000, 0x0000000091200000|  0%| F|  |TAMS 0x0000000091100000, 0x0000000091100000| Untracked 
| 142|0x0000000091200000, 0x0000000091200000, 0x0000000091300000|  0%| F|  |TAMS 0x0000000091200000, 0x0000000091200000| Untracked 
| 143|0x0000000091300000, 0x0000000091300000, 0x0000000091400000|  0%| F|  |TAMS 0x0000000091300000, 0x0000000091300000| Untracked 
| 144|0x0000000091400000, 0x0000000091400000, 0x0000000091500000|  0%| F|  |TAMS 0x0000000091400000, 0x0000000091400000| Untracked 
| 145|0x0000000091500000, 0x0000000091500000, 0x0000000091600000|  0%| F|  |TAMS 0x0000000091500000, 0x0000000091500000| Untracked 
| 146|0x0000000091600000, 0x0000000091600000, 0x0000000091700000|  0%| F|  |TAMS 0x0000000091600000, 0x0000000091600000| Untracked 
| 147|0x0000000091700000, 0x0000000091700000, 0x0000000091800000|  0%| F|  |TAMS 0x0000000091700000, 0x0000000091700000| Untracked 
| 148|0x0000000091800000, 0x0000000091800000, 0x0000000091900000|  0%| F|  |TAMS 0x0000000091800000, 0x0000000091800000| Untracked 
| 149|0x0000000091900000, 0x0000000091900000, 0x0000000091a00000|  0%| F|  |TAMS 0x0000000091900000, 0x0000000091900000| Untracked 
| 150|0x0000000091a00000, 0x0000000091a00000, 0x0000000091b00000|  0%| F|  |TAMS 0x0000000091a00000, 0x0000000091a00000| Untracked 
| 151|0x0000000091b00000, 0x0000000091b00000, 0x0000000091c00000|  0%| F|  |TAMS 0x0000000091b00000, 0x0000000091b00000| Untracked 
| 152|0x0000000091c00000, 0x0000000091c00000, 0x0000000091d00000|  0%| F|  |TAMS 0x0000000091c00000, 0x0000000091c00000| Untracked 
| 153|0x0000000091d00000, 0x0000000091d00000, 0x0000000091e00000|  0%| F|  |TAMS 0x0000000091d00000, 0x0000000091d00000| Untracked 
| 154|0x0000000091e00000, 0x0000000091e00000, 0x0000000091f00000|  0%| F|  |TAMS 0x0000000091e00000, 0x0000000091e00000| Untracked 
| 155|0x0000000091f00000, 0x0000000091f00000, 0x0000000092000000|  0%| F|  |TAMS 0x0000000091f00000, 0x0000000091f00000| Untracked 
| 156|0x0000000092000000, 0x0000000092000000, 0x0000000092100000|  0%| F|  |TAMS 0x0000000092000000, 0x0000000092000000| Untracked 
| 157|0x0000000092100000, 0x0000000092100000, 0x0000000092200000|  0%| F|  |TAMS 0x0000000092100000, 0x0000000092100000| Untracked 
| 158|0x0000000092200000, 0x0000000092200000, 0x0000000092300000|  0%| F|  |TAMS 0x0000000092200000, 0x0000000092200000| Untracked 
| 159|0x0000000092300000, 0x0000000092300000, 0x0000000092400000|  0%| F|  |TAMS 0x0000000092300000, 0x0000000092300000| Untracked 
| 160|0x0000000092400000, 0x0000000092400000, 0x0000000092500000|  0%| F|  |TAMS 0x0000000092400000, 0x0000000092400000| Untracked 
| 161|0x0000000092500000, 0x0000000092500000, 0x0000000092600000|  0%| F|  |TAMS 0x0000000092500000, 0x0000000092500000| Untracked 
| 162|0x0000000092600000, 0x0000000092600000, 0x0000000092700000|  0%| F|  |TAMS 0x0000000092600000, 0x0000000092600000| Untracked 
| 163|0x0000000092700000, 0x0000000092700000, 0x0000000092800000|  0%| F|  |TAMS 0x0000000092700000, 0x0000000092700000| Untracked 
| 164|0x0000000092800000, 0x0000000092800000, 0x0000000092900000|  0%| F|  |TAMS 0x0000000092800000, 0x0000000092800000| Untracked 
| 165|0x0000000092900000, 0x0000000092900000, 0x0000000092a00000|  0%| F|  |TAMS 0x0000000092900000, 0x0000000092900000| Untracked 
| 166|0x0000000092a00000, 0x0000000092a00000, 0x0000000092b00000|  0%| F|  |TAMS 0x0000000092a00000, 0x0000000092a00000| Untracked 
| 167|0x0000000092b00000, 0x0000000092b00000, 0x0000000092c00000|  0%| F|  |TAMS 0x0000000092b00000, 0x0000000092b00000| Untracked 
| 168|0x0000000092c00000, 0x0000000092c00000, 0x0000000092d00000|  0%| F|  |TAMS 0x0000000092c00000, 0x0000000092c00000| Untracked 
| 169|0x0000000092d00000, 0x0000000092d00000, 0x0000000092e00000|  0%| F|  |TAMS 0x0000000092d00000, 0x0000000092d00000| Untracked 
| 170|0x0000000092e00000, 0x0000000092e00000, 0x0000000092f00000|  0%| F|  |TAMS 0x0000000092e00000, 0x0000000092e00000| Untracked 
| 171|0x0000000092f00000, 0x0000000092f00000, 0x0000000093000000|  0%| F|  |TAMS 0x0000000092f00000, 0x0000000092f00000| Untracked 
| 172|0x0000000093000000, 0x0000000093000000, 0x0000000093100000|  0%| F|  |TAMS 0x0000000093000000, 0x0000000093000000| Untracked 
| 173|0x0000000093100000, 0x0000000093100000, 0x0000000093200000|  0%| F|  |TAMS 0x0000000093100000, 0x0000000093100000| Untracked 
| 174|0x0000000093200000, 0x0000000093200000, 0x0000000093300000|  0%| F|  |TAMS 0x0000000093200000, 0x0000000093200000| Untracked 
| 175|0x0000000093300000, 0x0000000093300000, 0x0000000093400000|  0%| F|  |TAMS 0x0000000093300000, 0x0000000093300000| Untracked 
| 176|0x0000000093400000, 0x0000000093400000, 0x0000000093500000|  0%| F|  |TAMS 0x0000000093400000, 0x0000000093400000| Untracked 
| 177|0x0000000093500000, 0x0000000093500000, 0x0000000093600000|  0%| F|  |TAMS 0x0000000093500000, 0x0000000093500000| Untracked 
| 178|0x0000000093600000, 0x0000000093600000, 0x0000000093700000|  0%| F|  |TAMS 0x0000000093600000, 0x0000000093600000| Untracked 
| 179|0x0000000093700000, 0x0000000093700000, 0x0000000093800000|  0%| F|  |TAMS 0x0000000093700000, 0x0000000093700000| Untracked 
| 180|0x0000000093800000, 0x0000000093800000, 0x0000000093900000|  0%| F|  |TAMS 0x0000000093800000, 0x0000000093800000| Untracked 
| 181|0x0000000093900000, 0x0000000093900000, 0x0000000093a00000|  0%| F|  |TAMS 0x0000000093900000, 0x0000000093900000| Untracked 
| 182|0x0000000093a00000, 0x0000000093a00000, 0x0000000093b00000|  0%| F|  |TAMS 0x0000000093a00000, 0x0000000093a00000| Untracked 
| 183|0x0000000093b00000, 0x0000000093b00000, 0x0000000093c00000|  0%| F|  |TAMS 0x0000000093b00000, 0x0000000093b00000| Untracked 
| 184|0x0000000093c00000, 0x0000000093c00000, 0x0000000093d00000|  0%| F|  |TAMS 0x0000000093c00000, 0x0000000093c00000| Untracked 
| 185|0x0000000093d00000, 0x0000000093d00000, 0x0000000093e00000|  0%| F|  |TAMS 0x0000000093d00000, 0x0000000093d00000| Untracked 
| 186|0x0000000093e00000, 0x0000000093e00000, 0x0000000093f00000|  0%| F|  |TAMS 0x0000000093e00000, 0x0000000093e00000| Untracked 
| 187|0x0000000093f00000, 0x0000000093f00000, 0x0000000094000000|  0%| F|  |TAMS 0x0000000093f00000, 0x0000000093f00000| Untracked 
| 188|0x0000000094000000, 0x0000000094000000, 0x0000000094100000|  0%| F|  |TAMS 0x0000000094000000, 0x0000000094000000| Untracked 
| 189|0x0000000094100000, 0x0000000094100000, 0x0000000094200000|  0%| F|  |TAMS 0x0000000094100000, 0x0000000094100000| Untracked 
| 190|0x0000000094200000, 0x0000000094200000, 0x0000000094300000|  0%| F|  |TAMS 0x0000000094200000, 0x0000000094200000| Untracked 
| 191|0x0000000094300000, 0x0000000094300000, 0x0000000094400000|  0%| F|  |TAMS 0x0000000094300000, 0x0000000094300000| Untracked 
| 192|0x0000000094400000, 0x0000000094400000, 0x0000000094500000|  0%| F|  |TAMS 0x0000000094400000, 0x0000000094400000| Untracked 
| 193|0x0000000094500000, 0x0000000094500000, 0x0000000094600000|  0%| F|  |TAMS 0x0000000094500000, 0x0000000094500000| Untracked 
| 194|0x0000000094600000, 0x0000000094600000, 0x0000000094700000|  0%| F|  |TAMS 0x0000000094600000, 0x0000000094600000| Untracked 
| 195|0x0000000094700000, 0x0000000094700000, 0x0000000094800000|  0%| F|  |TAMS 0x0000000094700000, 0x0000000094700000| Untracked 
| 196|0x0000000094800000, 0x0000000094800000, 0x0000000094900000|  0%| F|  |TAMS 0x0000000094800000, 0x0000000094800000| Untracked 
| 197|0x0000000094900000, 0x0000000094900000, 0x0000000094a00000|  0%| F|  |TAMS 0x0000000094900000, 0x0000000094900000| Untracked 
| 198|0x0000000094a00000, 0x0000000094a00000, 0x0000000094b00000|  0%| F|  |TAMS 0x0000000094a00000, 0x0000000094a00000| Untracked 
| 199|0x0000000094b00000, 0x0000000094b00000, 0x0000000094c00000|  0%| F|  |TAMS 0x0000000094b00000, 0x0000000094b00000| Untracked 
| 200|0x0000000094c00000, 0x0000000094c00000, 0x0000000094d00000|  0%| F|  |TAMS 0x0000000094c00000, 0x0000000094c00000| Untracked 
| 201|0x0000000094d00000, 0x0000000094d00000, 0x0000000094e00000|  0%| F|  |TAMS 0x0000000094d00000, 0x0000000094d00000| Untracked 
| 202|0x0000000094e00000, 0x0000000094e00000, 0x0000000094f00000|  0%| F|  |TAMS 0x0000000094e00000, 0x0000000094e00000| Untracked 
| 203|0x0000000094f00000, 0x0000000094f00000, 0x0000000095000000|  0%| F|  |TAMS 0x0000000094f00000, 0x0000000094f00000| Untracked 
| 204|0x0000000095000000, 0x0000000095000000, 0x0000000095100000|  0%| F|  |TAMS 0x0000000095000000, 0x0000000095000000| Untracked 
| 205|0x0000000095100000, 0x0000000095100000, 0x0000000095200000|  0%| F|  |TAMS 0x0000000095100000, 0x0000000095100000| Untracked 
| 206|0x0000000095200000, 0x0000000095200000, 0x0000000095300000|  0%| F|  |TAMS 0x0000000095200000, 0x0000000095200000| Untracked 
| 207|0x0000000095300000, 0x0000000095300000, 0x0000000095400000|  0%| F|  |TAMS 0x0000000095300000, 0x0000000095300000| Untracked 
| 208|0x0000000095400000, 0x0000000095400000, 0x0000000095500000|  0%| F|  |TAMS 0x0000000095400000, 0x0000000095400000| Untracked 
| 209|0x0000000095500000, 0x0000000095500000, 0x0000000095600000|  0%| F|  |TAMS 0x0000000095500000, 0x0000000095500000| Untracked 
| 210|0x0000000095600000, 0x0000000095600000, 0x0000000095700000|  0%| F|  |TAMS 0x0000000095600000, 0x0000000095600000| Untracked 
| 211|0x0000000095700000, 0x0000000095700000, 0x0000000095800000|  0%| F|  |TAMS 0x0000000095700000, 0x0000000095700000| Untracked 
| 212|0x0000000095800000, 0x0000000095800000, 0x0000000095900000|  0%| F|  |TAMS 0x0000000095800000, 0x0000000095800000| Untracked 
| 213|0x0000000095900000, 0x0000000095900000, 0x0000000095a00000|  0%| F|  |TAMS 0x0000000095900000, 0x0000000095900000| Untracked 
| 214|0x0000000095a00000, 0x0000000095a00000, 0x0000000095b00000|  0%| F|  |TAMS 0x0000000095a00000, 0x0000000095a00000| Untracked 
| 215|0x0000000095b00000, 0x0000000095b00000, 0x0000000095c00000|  0%| F|  |TAMS 0x0000000095b00000, 0x0000000095b00000| Untracked 
| 216|0x0000000095c00000, 0x0000000095c00000, 0x0000000095d00000|  0%| F|  |TAMS 0x0000000095c00000, 0x0000000095c00000| Untracked 
| 217|0x0000000095d00000, 0x0000000095d00000, 0x0000000095e00000|  0%| F|  |TAMS 0x0000000095d00000, 0x0000000095d00000| Untracked 
| 218|0x0000000095e00000, 0x0000000095e00000, 0x0000000095f00000|  0%| F|  |TAMS 0x0000000095e00000, 0x0000000095e00000| Untracked 
| 219|0x0000000095f00000, 0x0000000095f00000, 0x0000000096000000|  0%| F|  |TAMS 0x0000000095f00000, 0x0000000095f00000| Untracked 
| 220|0x0000000096000000, 0x0000000096000000, 0x0000000096100000|  0%| F|  |TAMS 0x0000000096000000, 0x0000000096000000| Untracked 
| 221|0x0000000096100000, 0x0000000096100000, 0x0000000096200000|  0%| F|  |TAMS 0x0000000096100000, 0x0000000096100000| Untracked 
| 222|0x0000000096200000, 0x0000000096200000, 0x0000000096300000|  0%| F|  |TAMS 0x0000000096200000, 0x0000000096200000| Untracked 
| 223|0x0000000096300000, 0x0000000096300000, 0x0000000096400000|  0%| F|  |TAMS 0x0000000096300000, 0x0000000096300000| Untracked 
| 224|0x0000000096400000, 0x0000000096400000, 0x0000000096500000|  0%| F|  |TAMS 0x0000000096400000, 0x0000000096400000| Untracked 
| 225|0x0000000096500000, 0x0000000096500000, 0x0000000096600000|  0%| F|  |TAMS 0x0000000096500000, 0x0000000096500000| Untracked 
| 226|0x0000000096600000, 0x0000000096600000, 0x0000000096700000|  0%| F|  |TAMS 0x0000000096600000, 0x0000000096600000| Untracked 
| 227|0x0000000096700000, 0x0000000096700000, 0x0000000096800000|  0%| F|  |TAMS 0x0000000096700000, 0x0000000096700000| Untracked 
| 228|0x0000000096800000, 0x0000000096800000, 0x0000000096900000|  0%| F|  |TAMS 0x0000000096800000, 0x0000000096800000| Untracked 
| 229|0x0000000096900000, 0x0000000096900000, 0x0000000096a00000|  0%| F|  |TAMS 0x0000000096900000, 0x0000000096900000| Untracked 
| 230|0x0000000096a00000, 0x0000000096a00000, 0x0000000096b00000|  0%| F|  |TAMS 0x0000000096a00000, 0x0000000096a00000| Untracked 
| 231|0x0000000096b00000, 0x0000000096b00000, 0x0000000096c00000|  0%| F|  |TAMS 0x0000000096b00000, 0x0000000096b00000| Untracked 
| 232|0x0000000096c00000, 0x0000000096c00000, 0x0000000096d00000|  0%| F|  |TAMS 0x0000000096c00000, 0x0000000096c00000| Untracked 
| 233|0x0000000096d00000, 0x0000000096d00000, 0x0000000096e00000|  0%| F|  |TAMS 0x0000000096d00000, 0x0000000096d00000| Untracked 
| 234|0x0000000096e00000, 0x0000000096e00000, 0x0000000096f00000|  0%| F|  |TAMS 0x0000000096e00000, 0x0000000096e00000| Untracked 
| 235|0x0000000096f00000, 0x0000000096f00000, 0x0000000097000000|  0%| F|  |TAMS 0x0000000096f00000, 0x0000000096f00000| Untracked 
| 236|0x0000000097000000, 0x0000000097000000, 0x0000000097100000|  0%| F|  |TAMS 0x0000000097000000, 0x0000000097000000| Untracked 
| 237|0x0000000097100000, 0x0000000097100000, 0x0000000097200000|  0%| F|  |TAMS 0x0000000097100000, 0x0000000097100000| Untracked 
| 238|0x0000000097200000, 0x0000000097200000, 0x0000000097300000|  0%| F|  |TAMS 0x0000000097200000, 0x0000000097200000| Untracked 
| 239|0x0000000097300000, 0x0000000097300000, 0x0000000097400000|  0%| F|  |TAMS 0x0000000097300000, 0x0000000097300000| Untracked 
| 240|0x0000000097400000, 0x0000000097400000, 0x0000000097500000|  0%| F|  |TAMS 0x0000000097400000, 0x0000000097400000| Untracked 
| 241|0x0000000097500000, 0x0000000097500000, 0x0000000097600000|  0%| F|  |TAMS 0x0000000097500000, 0x0000000097500000| Untracked 
| 242|0x0000000097600000, 0x0000000097600000, 0x0000000097700000|  0%| F|  |TAMS 0x0000000097600000, 0x0000000097600000| Untracked 
| 243|0x0000000097700000, 0x0000000097700000, 0x0000000097800000|  0%| F|  |TAMS 0x0000000097700000, 0x0000000097700000| Untracked 
| 244|0x0000000097800000, 0x0000000097800000, 0x0000000097900000|  0%| F|  |TAMS 0x0000000097800000, 0x0000000097800000| Untracked 
| 245|0x0000000097900000, 0x0000000097900000, 0x0000000097a00000|  0%| F|  |TAMS 0x0000000097900000, 0x0000000097900000| Untracked 
| 246|0x0000000097a00000, 0x0000000097a00000, 0x0000000097b00000|  0%| F|  |TAMS 0x0000000097a00000, 0x0000000097a00000| Untracked 
| 247|0x0000000097b00000, 0x0000000097b00000, 0x0000000097c00000|  0%| F|  |TAMS 0x0000000097b00000, 0x0000000097b00000| Untracked 
| 248|0x0000000097c00000, 0x0000000097c00000, 0x0000000097d00000|  0%| F|  |TAMS 0x0000000097c00000, 0x0000000097c00000| Untracked 
| 249|0x0000000097d00000, 0x0000000097d00000, 0x0000000097e00000|  0%| F|  |TAMS 0x0000000097d00000, 0x0000000097d00000| Untracked 
| 250|0x0000000097e00000, 0x0000000097e00000, 0x0000000097f00000|  0%| F|  |TAMS 0x0000000097e00000, 0x0000000097e00000| Untracked 
| 251|0x0000000097f00000, 0x0000000097f00000, 0x0000000098000000|  0%| F|  |TAMS 0x0000000097f00000, 0x0000000097f00000| Untracked 
| 252|0x0000000098000000, 0x0000000098000000, 0x0000000098100000|  0%| F|  |TAMS 0x0000000098000000, 0x0000000098000000| Untracked 
| 253|0x0000000098100000, 0x0000000098100000, 0x0000000098200000|  0%| F|  |TAMS 0x0000000098100000, 0x0000000098100000| Untracked 
| 254|0x0000000098200000, 0x0000000098200000, 0x0000000098300000|  0%| F|  |TAMS 0x0000000098200000, 0x0000000098200000| Untracked 
| 255|0x0000000098300000, 0x0000000098300000, 0x0000000098400000|  0%| F|  |TAMS 0x0000000098300000, 0x0000000098300000| Untracked 
| 256|0x0000000098400000, 0x0000000098400000, 0x0000000098500000|  0%| F|  |TAMS 0x0000000098400000, 0x0000000098400000| Untracked 
| 257|0x0000000098500000, 0x0000000098500000, 0x0000000098600000|  0%| F|  |TAMS 0x0000000098500000, 0x0000000098500000| Untracked 
| 258|0x0000000098600000, 0x0000000098600000, 0x0000000098700000|  0%| F|  |TAMS 0x0000000098600000, 0x0000000098600000| Untracked 
| 259|0x0000000098700000, 0x0000000098700000, 0x0000000098800000|  0%| F|  |TAMS 0x0000000098700000, 0x0000000098700000| Untracked 
| 260|0x0000000098800000, 0x0000000098800000, 0x0000000098900000|  0%| F|  |TAMS 0x0000000098800000, 0x0000000098800000| Untracked 
| 261|0x0000000098900000, 0x0000000098900000, 0x0000000098a00000|  0%| F|  |TAMS 0x0000000098900000, 0x0000000098900000| Untracked 
| 262|0x0000000098a00000, 0x0000000098a00000, 0x0000000098b00000|  0%| F|  |TAMS 0x0000000098a00000, 0x0000000098a00000| Untracked 
| 263|0x0000000098b00000, 0x0000000098b00000, 0x0000000098c00000|  0%| F|  |TAMS 0x0000000098b00000, 0x0000000098b00000| Untracked 
| 264|0x0000000098c00000, 0x0000000098c00000, 0x0000000098d00000|  0%| F|  |TAMS 0x0000000098c00000, 0x0000000098c00000| Untracked 
| 265|0x0000000098d00000, 0x0000000098d81cb0, 0x0000000098e00000| 50%| E|  |TAMS 0x0000000098d00000, 0x0000000098d00000| Complete 
|1914|0x00000000ffe00000, 0x00000000ffe77000, 0x00000000fff00000| 46%|OA|  |TAMS 0x00000000ffe00000, 0x00000000ffe00000| Untracked 
|1915|0x00000000fff00000, 0x00000000fff83000, 0x0000000100000000| 51%|CA|  |TAMS 0x00000000fff00000, 0x00000000fff00000| Untracked 

Card table byte_map: [0x00007fdf3e244000,0x00007fdf3e602000] _byte_map_base: 0x00007fdf3de02000

Marking Bits (Prev, Next): (CMBitMap*) 0x00007fdf3806ea70, (CMBitMap*) 0x00007fdf3806eab0
 Prev Bits: [0x00007fdf3c096000, 0x00007fdf3de86000)
 Next Bits: [0x00007fdf1f355000, 0x00007fdf21145000)

Polling page: 0x00007fdf3f900000

Metaspace:

Usage:
  Non-class:     15.41 MB used.
      Class:      2.03 MB used.
       Both:     17.44 MB used.

Virtual space:
  Non-class space:       16.00 MB reserved,      15.56 MB ( 97%) committed,  2 nodes.
      Class space:        1.00 GB reserved,       2.12 MB ( <1%) committed,  1 nodes.
             Both:        1.02 GB reserved,      17.69 MB (  2%) committed. 

Chunk freelists:
   Non-Class:  160.00 KB
       Class:  1.91 MB
        Both:  2.06 MB

MaxMetaspaceSize: unlimited
CompressedClassSpaceSize: 1.00 GB
Initial GC threshold: 21.00 MB
Current GC threshold: 21.00 MB
CDS: on
MetaspaceReclaimPolicy: balanced
 - commit_granule_bytes: 65536.
 - commit_granule_words: 8192.
 - virtual_space_node_default_size: 1048576.
 - enlarge_chunks_in_place: 1.
 - new_chunks_are_fully_committed: 0.
 - uncommit_free_chunks: 1.
 - use_allocation_guard: 0.
 - handle_deallocations: 1.


Internal statistics:

num_allocs_failed_limit: 0.
num_arena_births: 188.
num_arena_deaths: 0.
num_vsnodes_births: 3.
num_vsnodes_deaths: 0.
num_space_committed: 283.
num_space_uncommitted: 0.
num_chunks_returned_to_freelist: 0.
num_chunks_taken_from_freelist: 759.
num_chunk_merges: 0.
num_chunk_splits: 495.
num_chunks_enlarged: 372.
num_purges: 0.
num_inconsistent_stats: 0.

CodeHeap 'non-profiled nmethods': size=119168Kb used=3301Kb max_used=3301Kb free=115867Kb
 bounds [0x00007fdf28ce5000, 0x00007fdf29025000, 0x00007fdf30145000]
CodeHeap 'profiled nmethods': size=119164Kb used=8149Kb max_used=8149Kb free=111015Kb
 bounds [0x00007fdf21886000, 0x00007fdf22086000, 0x00007fdf28ce5000]
CodeHeap 'non-nmethods': size=7428Kb used=1192Kb max_used=2935Kb free=6236Kb
 bounds [0x00007fdf21145000, 0x00007fdf21435000, 0x00007fdf21886000]
 total_blobs=4786 nmethods=4296 adapters=403
 compilation: enabled
              stopped_count=0, restarted_count=0
 full_count=0


[error occurred during error reporting (printing ring buffers), id 0x7, SIGBUS (0x7) at pc=0x00007fdf404158f4]

Dynamic libraries:
88400000-98e00000 rw-p 00000000 00:00 0 
98e00000-ffe00000 ---p 00000000 00:00 0 
ffe00000-ffe77000 rw-p 00c9f000 08:20 338340                             /usr/lib/jvm/java-17-openjdk-amd64/lib/server/classes.jsa
ffe77000-fff00000 rw-p 00000000 00:00 0 
fff00000-fff83000 rw-p 00c1c000 08:20 338340                             /usr/lib/jvm/java-17-openjdk-amd64/lib/server/classes.jsa
fff83000-100000000 rw-p 00000000 00:00 0 
800000000-800459000 rw-p 00001000 08:20 338340                           /usr/lib/jvm/java-17-openjdk-amd64/lib/server/classes.jsa
800459000-800be3000 r--p 0045a000 08:20 338340                           /usr/lib/jvm/java-17-openjdk-amd64/lib/server/classes.jsa
800be3000-800c00000 ---p 00000000 00:00 0 
800c00000-800c40000 rw-p 00000000 00:00 0 
800c40000-800cc0000 rw-p 00000000 00:00 0 
800cc0000-800d00000 rw-p 00000000 00:00 0 
800d00000-800e20000 rw-p 00000000 00:00 0 
800e20000-840c00000 ---p 00000000 00:00 0 
556aa412e000-556aa412f000 r--p 00000000 08:20 338188                     /usr/lib/jvm/java-17-openjdk-amd64/bin/java
556aa412f000-556aa4130000 r-xp 00001000 08:20 338188                     /usr/lib/jvm/java-17-openjdk-amd64/bin/java
556aa4130000-556aa4131000 r--p 00002000 08:20 338188                     /usr/lib/jvm/java-17-openjdk-amd64/bin/java
556aa4131000-556aa4132000 r--p 00002000 08:20 338188                     /usr/lib/jvm/java-17-openjdk-amd64/bin/java
556aa4132000-556aa4133000 rw-p 00003000 08:20 338188                     /usr/lib/jvm/java-17-openjdk-amd64/bin/java
556aa4ec3000-556aa4f09000 rw-p 00000000 00:00 0                          [heap]
7fde68000000-7fde68021000 rw-p 00000000 00:00 0 
7fde68021000-7fde6c000000 ---p 00000000 00:00 0 
7fde70000000-7fde70021000 rw-p 00000000 00:00 0 
7fde70021000-7fde74000000 ---p 00000000 00:00 0 
7fde74000000-7fde74021000 rw-p 00000000 00:00 0 
7fde74021000-7fde78000000 ---p 00000000 00:00 0 
7fde78000000-7fde78021000 rw-p 00000000 00:00 0 
7fde78021000-7fde7c000000 ---p 00000000 00:00 0 
7fde7c000000-7fde7c900000 rw-p 00000000 00:00 0 
7fde7c900000-7fde80000000 ---p 00000000 00:00 0 
7fde80000000-7fde80021000 rw-p 00000000 00:00 0 
7fde80021000-7fde84000000 ---p 00000000 00:00 0 
7fde84000000-7fde84279000 rw-p 00000000 00:00 0 
7fde84279000-7fde88000000 ---p 00000000 00:00 0 
7fde88000000-7fde88be2000 rw-p 00000000 00:00 0 
7fde88be2000-7fde8c000000 ---p 00000000 00:00 0 
7fde8c000000-7fde8c021000 rw-p 00000000 00:00 0 
7fde8c021000-7fde90000000 ---p 00000000 00:00 0 
7fde90000000-7fde90892000 rw-p 00000000 00:00 0 
7fde90892000-7fde94000000 ---p 00000000 00:00 0 
7fde94000000-7fde94d8c000 rw-p 00000000 00:00 0 
7fde94d8c000-7fde98000000 ---p 00000000 00:00 0 
7fde98000000-7fde98df5000 rw-p 00000000 00:00 0 
7fde98df5000-7fde9c000000 ---p 00000000 00:00 0 
7fde9c000000-7fde9cbee000 rw-p 00000000 00:00 0 
7fde9cbee000-7fdea0000000 ---p 00000000 00:00 0 
7fdea0000000-7fdea0021000 rw-p 00000000 00:00 0 
7fdea0021000-7fdea4000000 ---p 00000000 00:00 0 
7fdea4000000-7fdea4021000 rw-p 00000000 00:00 0 
7fdea4021000-7fdea8000000 ---p 00000000 00:00 0 
7fdea8000000-7fdea8021000 rw-p 00000000 00:00 0 
7fdea8021000-7fdeac000000 ---p 00000000 00:00 0 
7fdeac000000-7fdeac021000 rw-p 00000000 00:00 0 
7fdeac021000-7fdeb0000000 ---p 00000000 00:00 0 
7fdeb0000000-7fdeb1019000 rw-p 00000000 00:00 0 
7fdeb1019000-7fdeb4000000 ---p 00000000 00:00 0 
7fdeb4000000-7fdeb4021000 rw-p 00000000 00:00 0 
7fdeb4021000-7fdeb8000000 ---p 00000000 00:00 0 
7fdeb8000000-7fdeb8aaf000 rw-p 00000000 00:00 0 
7fdeb8aaf000-7fdebc000000 ---p 00000000 00:00 0 
7fdebc000000-7fdebcc8a000 rw-p 00000000 00:00 0 
7fdebcc8a000-7fdec0000000 ---p 00000000 00:00 0 
7fdec0000000-7fdec0021000 rw-p 00000000 00:00 0 
7fdec0021000-7fdec4000000 ---p 00000000 00:00 0 
7fdec4000000-7fdec402a000 rw-p 00000000 00:00 0 
7fdec402a000-7fdec8000000 ---p 00000000 00:00 0 
7fdec8000000-7fdec80da000 rw-p 00000000 00:00 0 
7fdec80da000-7fdecc000000 ---p 00000000 00:00 0 
7fdecc000000-7fdecccd9000 rw-p 00000000 00:00 0 
7fdecccd9000-7fded0000000 ---p 00000000 00:00 0 
7fded0000000-7fded0021000 rw-p 00000000 00:00 0 
7fded0021000-7fded4000000 ---p 00000000 00:00 0 
7fded4000000-7fded4a53000 rw-p 00000000 00:00 0 
7fded4a53000-7fded8000000 ---p 00000000 00:00 0 
7fded8000000-7fded8021000 rw-p 00000000 00:00 0 
7fded8021000-7fdedc000000 ---p 00000000 00:00 0 
7fdedc000000-7fdedc021000 rw-p 00000000 00:00 0 
7fdedc021000-7fdee0000000 ---p 00000000 00:00 0 
7fdee0000000-7fdee03ad000 rw-p 00000000 00:00 0 
7fdee03ad000-7fdee4000000 ---p 00000000 00:00 0 
7fdee4000000-7fdee4021000 rw-p 00000000 00:00 0 
7fdee4021000-7fdee8000000 ---p 00000000 00:00 0 
7fdee8000000-7fdee8021000 rw-p 00000000 00:00 0 
7fdee8021000-7fdeec000000 ---p 00000000 00:00 0 
7fdeec000000-7fdeed275000 rw-p 00000000 00:00 0 
7fdeed275000-7fdef0000000 ---p 00000000 00:00 0 
7fdef0000000-7fdef0021000 rw-p 00000000 00:00 0 
7fdef0021000-7fdef4000000 ---p 00000000 00:00 0 
7fdef4000000-7fdef4021000 rw-p 00000000 00:00 0 
7fdef4021000-7fdef8000000 ---p 00000000 00:00 0 
7fdef8000000-7fdef8021000 rw-p 00000000 00:00 0 
7fdef8021000-7fdefc000000 ---p 00000000 00:00 0 
7fdefc000000-7fdefc021000 rw-p 00000000 00:00 0 
7fdefc021000-7fdf00000000 ---p 00000000 00:00 0 
7fdf00000000-7fdf0007e000 rw-p 00000000 00:00 0 
7fdf0007e000-7fdf04000000 ---p 00000000 00:00 0 
7fdf041fc000-7fdf041fd000 ---p 00000000 00:00 0 
7fdf041fd000-7fdf042fe000 rw-p 00000000 00:00 0 
7fdf042fe000-7fdf042ff000 ---p 00000000 00:00 0 
7fdf042ff000-7fdf04500000 rw-p 00000000 00:00 0 
7fdf04500000-7fdf04600000 rw-p 00000000 00:00 0 
7fdf04600000-7fdf04b60000 rw-p 00000000 00:00 0 
7fdf04b60000-7fdf04b80000 ---p 00000000 00:00 0 
7fdf04b80000-7fdf04bb0000 rw-p 00000000 00:00 0 
7fdf04bb0000-7fdf04c00000 ---p 00000000 00:00 0 
7fdf04c7a000-7fdf04c7b000 ---p 00000000 00:00 0 
7fdf04c7b000-7fdf04d7c000 rw-p 00000000 00:00 0 
7fdf04d7c000-7fdf04d7d000 ---p 00000000 00:00 0 
7fdf04d7d000-7fdf04e7e000 rw-p 00000000 00:00 0 
7fdf04e7e000-7fdf04e7f000 ---p 00000000 00:00 0 
7fdf04e7f000-7fdf04f80000 rw-p 00000000 00:00 0 
7fdf04f80000-7fdf04f84000 ---p 00000000 00:00 0 
7fdf04f84000-7fdf05081000 rw-p 00000000 00:00 0 
7fdf05081000-7fdf05085000 ---p 00000000 00:00 0 
7fdf05085000-7fdf05182000 rw-p 00000000 00:00 0 
7fdf05182000-7fdf05186000 ---p 00000000 00:00 0 
7fdf05186000-7fdf05283000 rw-p 00000000 00:00 0 
7fdf05283000-7fdf05284000 ---p 00000000 00:00 0 
7fdf05284000-7fdf05385000 rw-p 00000000 00:00 0 
7fdf05385000-7fdf05389000 ---p 00000000 00:00 0 
7fdf05389000-7fdf05486000 rw-p 00000000 00:00 0 
7fdf05486000-7fdf0548a000 ---p 00000000 00:00 0 
7fdf0548a000-7fdf05587000 rw-p 00000000 00:00 0 
7fdf05587000-7fdf0558b000 ---p 00000000 00:00 0 
7fdf0558b000-7fdf05688000 rw-p 00000000 00:00 0 
7fdf05688000-7fdf0568c000 ---p 00000000 00:00 0 
7fdf0568c000-7fdf05789000 rw-p 00000000 00:00 0 
7fdf05789000-7fdf0578d000 ---p 00000000 00:00 0 
7fdf0578d000-7fdf0588a000 rw-p 00000000 00:00 0 
7fdf0588a000-7fdf0588b000 ---p 00000000 00:00 0 
7fdf0588b000-7fdf0598c000 rw-p 00000000 00:00 0 
7fdf0598c000-7fdf0598d000 ---p 00000000 00:00 0 
7fdf0598d000-7fdf05a8e000 rw-p 00000000 00:00 0 
7fdf05a8e000-7fdf05a8f000 ---p 00000000 00:00 0 
7fdf05a8f000-7fdf05b90000 rw-p 00000000 00:00 0 
7fdf05b90000-7fdf05b91000 ---p 00000000 00:00 0 
7fdf05b91000-7fdf05c92000 rw-p 00000000 00:00 0 
7fdf05c92000-7fdf05c93000 ---p 00000000 00:00 0 
7fdf05c93000-7fdf05d94000 rw-p 00000000 00:00 0 
7fdf05d94000-7fdf05d98000 ---p 00000000 00:00 0 
7fdf05d98000-7fdf05e95000 rw-p 00000000 00:00 0 
7fdf05e95000-7fdf05e99000 ---p 00000000 00:00 0 
7fdf05e99000-7fdf05f96000 rw-p 00000000 00:00 0 
7fdf05f96000-7fdf05f9a000 ---p 00000000 00:00 0 
7fdf05f9a000-7fdf06097000 rw-p 00000000 00:00 0 
7fdf06097000-7fdf0609b000 ---p 00000000 00:00 0 
7fdf0609b000-7fdf06198000 rw-p 00000000 00:00 0 
7fdf06198000-7fdf0619c000 ---p 00000000 00:00 0 
7fdf0619c000-7fdf06299000 rw-p 00000000 00:00 0 
7fdf06299000-7fdf0629d000 ---p 00000000 00:00 0 
7fdf0629d000-7fdf0639a000 rw-p 00000000 00:00 0 
7fdf0639a000-7fdf0639e000 ---p 00000000 00:00 0 
7fdf0639e000-7fdf0649b000 rw-p 00000000 00:00 0 
7fdf0649b000-7fdf0649f000 ---p 00000000 00:00 0 
7fdf0649f000-7fdf0659c000 rw-p 00000000 00:00 0 
7fdf0659c000-7fdf065a0000 ---p 00000000 00:00 0 
7fdf065a0000-7fdf0669d000 rw-p 00000000 00:00 0 
7fdf0669d000-7fdf0669e000 ---p 00000000 00:00 0 
7fdf0669e000-7fdf0679f000 rw-p 00000000 00:00 0 
7fdf0679f000-7fdf067a3000 ---p 00000000 00:00 0 
7fdf067a3000-7fdf068a0000 rw-p 00000000 00:00 0 
7fdf068a0000-7fdf068a4000 ---p 00000000 00:00 0 
7fdf068a4000-7fdf069a1000 rw-p 00000000 00:00 0 
7fdf069a1000-7fdf069a5000 ---p 00000000 00:00 0 
7fdf069a5000-7fdf06aa2000 rw-p 00000000 00:00 0 
7fdf06aa2000-7fdf06aa6000 ---p 00000000 00:00 0 
7fdf06aa6000-7fdf06ba3000 rw-p 00000000 00:00 0 
7fdf06ba3000-7fdf06ba7000 ---p 00000000 00:00 0 
7fdf06ba7000-7fdf06ca4000 rw-p 00000000 00:00 0 
7fdf06ca4000-7fdf06ca8000 ---p 00000000 00:00 0 
7fdf06ca8000-7fdf06da5000 rw-p 00000000 00:00 0 
7fdf06da5000-7fdf06da9000 ---p 00000000 00:00 0 
7fdf06da9000-7fdf06ea6000 rw-p 00000000 00:00 0 
7fdf06ea6000-7fdf07019000 r--p 00000000 08:20 20355                      /usr/lib/locale/C.UTF-8/LC_COLLATE
7fdf07019000-7fdf072ff000 r--p 00000000 08:20 4290                       /usr/lib/locale/locale-archive
7fdf072ff000-7fdf07303000 ---p 00000000 00:00 0 
7fdf07303000-7fdf07800000 rw-p 00000000 00:00 0 
7fdf07800000-7fdf07c00000 rw-p 00000000 00:00 0 
7fdf07c93000-7fdf07c97000 r--p 00000000 08:20 338328                     /usr/lib/jvm/java-17-openjdk-amd64/lib/libnet.so
7fdf07c97000-7fdf07ca5000 r-xp 00004000 08:20 338328                     /usr/lib/jvm/java-17-openjdk-amd64/lib/libnet.so
7fdf07ca5000-7fdf07ca9000 r--p 00012000 08:20 338328                     /usr/lib/jvm/java-17-openjdk-amd64/lib/libnet.so
7fdf07ca9000-7fdf07caa000 r--p 00015000 08:20 338328                     /usr/lib/jvm/java-17-openjdk-amd64/lib/libnet.so
7fdf07caa000-7fdf07cab000 rw-p 00016000 08:20 338328                     /usr/lib/jvm/java-17-openjdk-amd64/lib/libnet.so
7fdf07cab000-7fdf07caf000 ---p 00000000 00:00 0 
7fdf07caf000-7fdf07dac000 rw-p 00000000 00:00 0 
7fdf07dac000-7fdf07dad000 ---p 00000000 00:00 0 
7fdf07dad000-7fdf07eae000 rw-p 00000000 00:00 0 
7fdf07eae000-7fdf07eb3000 r--p 00000000 08:20 338322                     /usr/lib/jvm/java-17-openjdk-amd64/lib/libjsvml.so
7fdf07eb3000-7fdf07ef4000 r-xp 00005000 08:20 338322                     /usr/lib/jvm/java-17-openjdk-amd64/lib/libjsvml.so
7fdf07ef4000-7fdf07f7d000 r--p 00046000 08:20 338322                     /usr/lib/jvm/java-17-openjdk-amd64/lib/libjsvml.so
7fdf07f7d000-7fdf07f7e000 r--p 000ce000 08:20 338322                     /usr/lib/jvm/java-17-openjdk-amd64/lib/libjsvml.so
7fdf07f7e000-7fdf07f7f000 rw-p 000cf000 08:20 338322                     /usr/lib/jvm/java-17-openjdk-amd64/lib/libjsvml.so
7fdf07f7f000-7fdf08000000 rw-p 00000000 00:00 0 
7fdf08000000-7fdf08021000 rw-p 00000000 00:00 0 
7fdf08021000-7fdf0c000000 ---p 00000000 00:00 0 
7fdf0c000000-7fdf0c021000 rw-p 00000000 00:00 0 
7fdf0c021000-7fdf10000000 ---p 00000000 00:00 0 
7fdf10000000-7fdf10021000 rw-p 00000000 00:00 0 
7fdf10021000-7fdf14000000 ---p 00000000 00:00 0 
7fdf14000000-7fdf14021000 rw-p 00000000 00:00 0 
7fdf14021000-7fdf18000000 ---p 00000000 00:00 0 
7fdf18000000-7fdf18021000 rw-p 00000000 00:00 0 
7fdf18021000-7fdf1c000000 ---p 00000000 00:00 0 
7fdf1c015000-7fdf1c01b000 r--p 00000000 08:20 338329                     /usr/lib/jvm/java-17-openjdk-amd64/lib/libnio.so
7fdf1c01b000-7fdf1c024000 r-xp 00006000 08:20 338329                     /usr/lib/jvm/java-17-openjdk-amd64/lib/libnio.so
7fdf1c024000-7fdf1c028000 r--p 0000f000 08:20 338329                     /usr/lib/jvm/java-17-openjdk-amd64/lib/libnio.so
7fdf1c028000-7fdf1c029000 ---p 00013000 08:20 338329                     /usr/lib/jvm/java-17-openjdk-amd64/lib/libnio.so
7fdf1c029000-7fdf1c02a000 r--p 00013000 08:20 338329                     /usr/lib/jvm/java-17-openjdk-amd64/lib/libnio.so
7fdf1c02a000-7fdf1c02b000 rw-p 00014000 08:20 338329                     /usr/lib/jvm/java-17-openjdk-amd64/lib/libnio.so
7fdf1c02b000-7fdf1c086000 rw-p 00000000 00:00 0 
7fdf1c086000-7fdf1c087000 ---p 00000000 00:00 0 
7fdf1c087000-7fdf1c188000 rw-p 00000000 00:00 0 
7fdf1c188000-7fdf1c189000 ---p 00000000 00:00 0 
7fdf1c189000-7fdf1ef97000 rw-p 00000000 00:00 0 
7fdf1ef97000-7fdf1ef98000 ---p 00000000 00:00 0 
7fdf1ef98000-7fdf1f099000 rw-p 00000000 00:00 0 
7fdf1f099000-7fdf1f09a000 ---p 00000000 00:00 0 
7fdf1f09a000-7fdf1f19b000 rw-p 00000000 00:00 0 
7fdf1f19b000-7fdf1f19c000 ---p 00000000 00:00 0 
7fdf1f19c000-7fdf1f77d000 rw-p 00000000 00:00 0 
7fdf1f77d000-7fdf2113d000 ---p 00000000 00:00 0 
7fdf2113d000-7fdf21145000 rw-p 00000000 00:00 0 
7fdf21145000-7fdf21435000 rwxp 00000000 00:00 0 
7fdf21435000-7fdf21886000 ---p 00000000 00:00 0 
7fdf21886000-7fdf22086000 rwxp 00000000 00:00 0 
7fdf22086000-7fdf28ce5000 ---p 00000000 00:00 0 
7fdf28ce5000-7fdf29025000 rwxp 00000000 00:00 0 
7fdf29025000-7fdf30145000 ---p 00000000 00:00 0 
7fdf30145000-7fdf38000000 r--s 00000000 08:20 338337                     /usr/lib/jvm/java-17-openjdk-amd64/lib/modules
7fdf38000000-7fdf385fe000 rw-p 00000000 00:00 0 
7fdf385fe000-7fdf3c000000 ---p 00000000 00:00 0 
7fdf3c00e000-7fdf3c00f000 r--p 00000000 08:20 338308                     /usr/lib/jvm/java-17-openjdk-amd64/lib/libextnet.so
7fdf3c00f000-7fdf3c010000 r-xp 00001000 08:20 338308                     /usr/lib/jvm/java-17-openjdk-amd64/lib/libextnet.so
7fdf3c010000-7fdf3c011000 r--p 00002000 08:20 338308                     /usr/lib/jvm/java-17-openjdk-amd64/lib/libextnet.so
7fdf3c011000-7fdf3c012000 r--p 00002000 08:20 338308                     /usr/lib/jvm/java-17-openjdk-amd64/lib/libextnet.so
7fdf3c012000-7fdf3c013000 rw-p 00003000 08:20 338308                     /usr/lib/jvm/java-17-openjdk-amd64/lib/libextnet.so
7fdf3c013000-7fdf3c045000 r--p 00000000 08:20 20356                      /usr/lib/locale/C.UTF-8/LC_CTYPE
7fdf3c045000-7fdf3c046000 r--p 00000000 08:20 20362                      /usr/lib/locale/C.UTF-8/LC_NUMERIC
7fdf3c046000-7fdf3c047000 r--p 00000000 08:20 20365                      /usr/lib/locale/C.UTF-8/LC_TIME
7fdf3c047000-7fdf3c048000 r--p 00000000 08:20 20360                      /usr/lib/locale/C.UTF-8/LC_MONETARY
7fdf3c048000-7fdf3c049000 r--p 00000000 08:20 20359                      /usr/lib/locale/C.UTF-8/LC_MESSAGES/SYS_LC_MESSAGES
7fdf3c049000-7fdf3c04a000 r--p 00000000 08:20 20363                      /usr/lib/locale/C.UTF-8/LC_PAPER
7fdf3c04a000-7fdf3c04b000 r--p 00000000 08:20 20361                      /usr/lib/locale/C.UTF-8/LC_NAME
7fdf3c04b000-7fdf3c04c000 r--p 00000000 08:20 20354                      /usr/lib/locale/C.UTF-8/LC_ADDRESS
7fdf3c04c000-7fdf3c04d000 r--p 00000000 08:20 20364                      /usr/lib/locale/C.UTF-8/LC_TELEPHONE
7fdf3c04d000-7fdf3c04e000 r--p 00000000 08:20 20358                      /usr/lib/locale/C.UTF-8/LC_MEASUREMENT
7fdf3c04e000-7fdf3c055000 r--s 00000000 08:20 194633                     /usr/lib/x86_64-linux-gnu/gconv/gconv-modules.cache
7fdf3c055000-7fdf3c4be000 rw-p 00000000 00:00 0 
7fdf3c4be000-7fdf3de7e000 ---p 00000000 00:00 0 
7fdf3de7e000-7fdf3df0b000 rw-p 00000000 00:00 0 
7fdf3df0b000-7fdf3e243000 ---p 00000000 00:00 0 
7fdf3e243000-7fdf3e2c9000 rw-p 00000000 00:00 0 
7fdf3e2c9000-7fdf3e601000 ---p 00000000 00:00 0 
7fdf3e601000-7fdf3e687000 rw-p 00000000 00:00 0 
7fdf3e687000-7fdf3e9bf000 ---p 00000000 00:00 0 
7fdf3e9bf000-7fdf3f6d4000 rw-p 00000000 00:00 0 
7fdf3f6d4000-7fdf3f7b6000 ---p 00000000 00:00 0 
7fdf3f7b6000-7fdf3f7c6000 rw-p 00000000 00:00 0 
7fdf3f7c6000-7fdf3f89f000 ---p 00000000 00:00 0 
7fdf3f89f000-7fdf3f8a5000 rw-p 00000000 00:00 0 
7fdf3f8a5000-7fdf3f8ae000 ---p 00000000 00:00 0 
7fdf3f8ae000-7fdf3f8b0000 r--p 00000000 08:20 338336                     /usr/lib/jvm/java-17-openjdk-amd64/lib/libzip.so
7fdf3f8b0000-7fdf3f8b5000 r-xp 00002000 08:20 338336                     /usr/lib/jvm/java-17-openjdk-amd64/lib/libzip.so
7fdf3f8b5000-7fdf3f8b7000 r--p 00007000 08:20 338336                     /usr/lib/jvm/java-17-openjdk-amd64/lib/libzip.so
7fdf3f8b7000-7fdf3f8b8000 r--p 00008000 08:20 338336                     /usr/lib/jvm/java-17-openjdk-amd64/lib/libzip.so
7fdf3f8b8000-7fdf3f8b9000 rw-p 00009000 08:20 338336                     /usr/lib/jvm/java-17-openjdk-amd64/lib/libzip.so
7fdf3f8b9000-7fdf3f8c5000 r--p 00000000 08:20 338315                     /usr/lib/jvm/java-17-openjdk-amd64/lib/libjava.so
7fdf3f8c5000-7fdf3f8d8000 r-xp 0000c000 08:20 338315                     /usr/lib/jvm/java-17-openjdk-amd64/lib/libjava.so
7fdf3f8d8000-7fdf3f8de000 r--p 0001f000 08:20 338315                     /usr/lib/jvm/java-17-openjdk-amd64/lib/libjava.so
7fdf3f8de000-7fdf3f8df000 ---p 00025000 08:20 338315                     /usr/lib/jvm/java-17-openjdk-amd64/lib/libjava.so
7fdf3f8df000-7fdf3f8e0000 r--p 00025000 08:20 338315                     /usr/lib/jvm/java-17-openjdk-amd64/lib/libjava.so
7fdf3f8e0000-7fdf3f8e1000 rw-p 00026000 08:20 338315                     /usr/lib/jvm/java-17-openjdk-amd64/lib/libjava.so
7fdf3f8e1000-7fdf3f8e2000 rw-p 00000000 00:00 0 
7fdf3f8e2000-7fdf3f8e5000 r--p 00000000 08:20 37895                      /usr/lib/x86_64-linux-gnu/libnss_files-2.31.so
7fdf3f8e5000-7fdf3f8ec000 r-xp 00003000 08:20 37895                      /usr/lib/x86_64-linux-gnu/libnss_files-2.31.so
7fdf3f8ec000-7fdf3f8ee000 r--p 0000a000 08:20 37895                      /usr/lib/x86_64-linux-gnu/libnss_files-2.31.so
7fdf3f8ee000-7fdf3f8ef000 r--p 0000b000 08:20 37895                      /usr/lib/x86_64-linux-gnu/libnss_files-2.31.so
7fdf3f8ef000-7fdf3f8f0000 rw-p 0000c000 08:20 37895                      /usr/lib/x86_64-linux-gnu/libnss_files-2.31.so
7fdf3f8f0000-7fdf3f8f6000 rw-p 00000000 00:00 0 
7fdf3f8f6000-7fdf3f8f8000 r--s 0000c000 08:20 203839                     /usr/share/java/java-atk-wrapper.jar
7fdf3f8f8000-7fdf3f900000 rw-s 00000000 08:20 324889                     /tmp/hsperfdata_k/458
7fdf3f900000-7fdf3f901000 ---p 00000000 00:00 0 
7fdf3f901000-7fdf3f902000 r--p 00000000 00:00 0 
7fdf3f902000-7fdf3f906000 ---p 00000000 00:00 0 
7fdf3f906000-7fdf3fa03000 rw-p 00000000 00:00 0 
7fdf3fa03000-7fdf3fa06000 r--p 00000000 08:20 15714                      /usr/lib/x86_64-linux-gnu/libgcc_s.so.1
7fdf3fa06000-7fdf3fa18000 r-xp 00003000 08:20 15714                      /usr/lib/x86_64-linux-gnu/libgcc_s.so.1
7fdf3fa18000-7fdf3fa1c000 r--p 00015000 08:20 15714                      /usr/lib/x86_64-linux-gnu/libgcc_s.so.1
7fdf3fa1c000-7fdf3fa1d000 r--p 00018000 08:20 15714                      /usr/lib/x86_64-linux-gnu/libgcc_s.so.1
7fdf3fa1d000-7fdf3fa1e000 rw-p 00019000 08:20 15714                      /usr/lib/x86_64-linux-gnu/libgcc_s.so.1
7fdf3fa1e000-7fdf3fa2b000 r--p 00000000 08:20 37094                      /usr/lib/x86_64-linux-gnu/libm-2.31.so
7fdf3fa2b000-7fdf3fad2000 r-xp 0000d000 08:20 37094                      /usr/lib/x86_64-linux-gnu/libm-2.31.so
7fdf3fad2000-7fdf3fb6b000 r--p 000b4000 08:20 37094                      /usr/lib/x86_64-linux-gnu/libm-2.31.so
7fdf3fb6b000-7fdf3fb6c000 r--p 0014c000 08:20 37094                      /usr/lib/x86_64-linux-gnu/libm-2.31.so
7fdf3fb6c000-7fdf3fb6d000 rw-p 0014d000 08:20 37094                      /usr/lib/x86_64-linux-gnu/libm-2.31.so
7fdf3fb6d000-7fdf3fc03000 r--p 00000000 08:20 16268                      /usr/lib/x86_64-linux-gnu/libstdc++.so.6.0.28
7fdf3fc03000-7fdf3fcf4000 r-xp 00096000 08:20 16268                      /usr/lib/x86_64-linux-gnu/libstdc++.so.6.0.28
7fdf3fcf4000-7fdf3fd3d000 r--p 00187000 08:20 16268                      /usr/lib/x86_64-linux-gnu/libstdc++.so.6.0.28
7fdf3fd3d000-7fdf3fd3e000 ---p 001d0000 08:20 16268                      /usr/lib/x86_64-linux-gnu/libstdc++.so.6.0.28
7fdf3fd3e000-7fdf3fd49000 r--p 001d0000 08:20 16268                      /usr/lib/x86_64-linux-gnu/libstdc++.so.6.0.28
7fdf3fd49000-7fdf3fd4c000 rw-p 001db000 08:20 16268                      /usr/lib/x86_64-linux-gnu/libstdc++.so.6.0.28
7fdf3fd4c000-7fdf3fd4f000 rw-p 00000000 00:00 0 
7fdf3fd4f000-7fdf3ff9f000 r--p 00000000 08:20 338344                     /usr/lib/jvm/java-17-openjdk-amd64/lib/server/libjvm.so
7fdf3ff9f000-7fdf40d2c000 r-xp 00250000 08:20 338344                     /usr/lib/jvm/java-17-openjdk-amd64/lib/server/libjvm.so
7fdf40d2c000-7fdf40fb2000 r--p 00fdd000 08:20 338344                     /usr/lib/jvm/java-17-openjdk-amd64/lib/server/libjvm.so
7fdf40fb2000-7fdf4106a000 r--p 01262000 08:20 338344                     /usr/lib/jvm/java-17-openjdk-amd64/lib/server/libjvm.so
7fdf4106a000-7fdf4109f000 rw-p 0131a000 08:20 338344                     /usr/lib/jvm/java-17-openjdk-amd64/lib/server/libjvm.so
7fdf4109f000-7fdf410fa000 rw-p 00000000 00:00 0 
7fdf410fa000-7fdf41100000 r--p 00000000 08:20 38546                      /usr/lib/x86_64-linux-gnu/libpthread-2.31.so
7fdf41100000-7fdf41111000 r-xp 00006000 08:20 38546                      /usr/lib/x86_64-linux-gnu/libpthread-2.31.so
7fdf41111000-7fdf41117000 r--p 00017000 08:20 38546                      /usr/lib/x86_64-linux-gnu/libpthread-2.31.so
7fdf41117000-7fdf41118000 r--p 0001c000 08:20 38546                      /usr/lib/x86_64-linux-gnu/libpthread-2.31.so
7fdf41118000-7fdf41119000 rw-p 0001d000 08:20 38546                      /usr/lib/x86_64-linux-gnu/libpthread-2.31.so
7fdf41119000-7fdf4111d000 rw-p 00000000 00:00 0 
7fdf4111d000-7fdf4111e000 r--p 00000000 08:20 37093                      /usr/lib/x86_64-linux-gnu/libdl-2.31.so
7fdf4111e000-7fdf41120000 r-xp 00001000 08:20 37093                      /usr/lib/x86_64-linux-gnu/libdl-2.31.so
7fdf41120000-7fdf41121000 r--p 00003000 08:20 37093                      /usr/lib/x86_64-linux-gnu/libdl-2.31.so
7fdf41121000-7fdf41122000 r--p 00003000 08:20 37093                      /usr/lib/x86_64-linux-gnu/libdl-2.31.so
7fdf41122000-7fdf41123000 rw-p 00004000 08:20 37093                      /usr/lib/x86_64-linux-gnu/libdl-2.31.so
7fdf41123000-7fdf41125000 r--p 00000000 08:20 202671                     /usr/lib/x86_64-linux-gnu/libz.so.1.2.11
7fdf41125000-7fdf41136000 r-xp 00002000 08:20 202671                     /usr/lib/x86_64-linux-gnu/libz.so.1.2.11
7fdf41136000-7fdf4113c000 r--p 00013000 08:20 202671                     /usr/lib/x86_64-linux-gnu/libz.so.1.2.11
7fdf4113c000-7fdf4113d000 ---p 00019000 08:20 202671                     /usr/lib/x86_64-linux-gnu/libz.so.1.2.11
7fdf4113d000-7fdf4113e000 r--p 00019000 08:20 202671                     /usr/lib/x86_64-linux-gnu/libz.so.1.2.11
7fdf4113e000-7fdf4113f000 rw-p 0001a000 08:20 202671                     /usr/lib/x86_64-linux-gnu/libz.so.1.2.11
7fdf4113f000-7fdf41161000 r--p 00000000 08:20 37092                      /usr/lib/x86_64-linux-gnu/libc-2.31.so
7fdf41161000-7fdf412d9000 r-xp 00022000 08:20 37092                      /usr/lib/x86_64-linux-gnu/libc-2.31.so
7fdf412d9000-7fdf41327000 r--p 0019a000 08:20 37092                      /usr/lib/x86_64-linux-gnu/libc-2.31.so
7fdf41327000-7fdf4132b000 r--p 001e7000 08:20 37092                      /usr/lib/x86_64-linux-gnu/libc-2.31.so
7fdf4132b000-7fdf4132d000 rw-p 001eb000 08:20 37092                      /usr/lib/x86_64-linux-gnu/libc-2.31.so
7fdf4132d000-7fdf41331000 rw-p 00000000 00:00 0 
7fdf41331000-7fdf41332000 r--p 00000000 08:20 20357                      /usr/lib/locale/C.UTF-8/LC_IDENTIFICATION
7fdf41332000-7fdf41334000 r--p 00000000 08:20 338318                     /usr/lib/jvm/java-17-openjdk-amd64/lib/libjimage.so
7fdf41334000-7fdf41337000 r-xp 00002000 08:20 338318                     /usr/lib/jvm/java-17-openjdk-amd64/lib/libjimage.so
7fdf41337000-7fdf41338000 r--p 00005000 08:20 338318                     /usr/lib/jvm/java-17-openjdk-amd64/lib/libjimage.so
7fdf41338000-7fdf41339000 ---p 00006000 08:20 338318                     /usr/lib/jvm/java-17-openjdk-amd64/lib/libjimage.so
7fdf41339000-7fdf4133a000 r--p 00006000 08:20 338318                     /usr/lib/jvm/java-17-openjdk-amd64/lib/libjimage.so
7fdf4133a000-7fdf4133b000 rw-p 00007000 08:20 338318                     /usr/lib/jvm/java-17-openjdk-amd64/lib/libjimage.so
7fdf4133b000-7fdf4133d000 r--p 00000000 08:20 338319                     /usr/lib/jvm/java-17-openjdk-amd64/lib/libjli.so
7fdf4133d000-7fdf41347000 r-xp 00002000 08:20 338319                     /usr/lib/jvm/java-17-openjdk-amd64/lib/libjli.so
7fdf41347000-7fdf4134a000 r--p 0000c000 08:20 338319                     /usr/lib/jvm/java-17-openjdk-amd64/lib/libjli.so
7fdf4134a000-7fdf4134b000 ---p 0000f000 08:20 338319                     /usr/lib/jvm/java-17-openjdk-amd64/lib/libjli.so
7fdf4134b000-7fdf4134c000 r--p 0000f000 08:20 338319                     /usr/lib/jvm/java-17-openjdk-amd64/lib/libjli.so
7fdf4134c000-7fdf4134d000 rw-p 00010000 08:20 338319                     /usr/lib/jvm/java-17-openjdk-amd64/lib/libjli.so
7fdf4134d000-7fdf4134f000 rw-p 00000000 00:00 0 
7fdf4134f000-7fdf41350000 r--p 00000000 08:20 21193                      /usr/lib/x86_64-linux-gnu/ld-2.31.so
7fdf41350000-7fdf41373000 r-xp 00001000 08:20 21193                      /usr/lib/x86_64-linux-gnu/ld-2.31.so
7fdf41373000-7fdf4137b000 r--p 00024000 08:20 21193                      /usr/lib/x86_64-linux-gnu/ld-2.31.so
7fdf4137b000-7fdf4137c000 ---p 00000000 00:00 0 
7fdf4137c000-7fdf4137d000 r--p 0002c000 08:20 21193                      /usr/lib/x86_64-linux-gnu/ld-2.31.so
7fdf4137d000-7fdf4137e000 rw-p 0002d000 08:20 21193                      /usr/lib/x86_64-linux-gnu/ld-2.31.so
7fdf4137e000-7fdf4137f000 rw-p 00000000 00:00 0 
7ffc671d1000-7ffc671f3000 rw-p 00000000 00:00 0                          [stack]
7ffc671f4000-7ffc671f8000 r--p 00000000 00:00 0                          [vvar]
7ffc671f8000-7ffc671f9000 r-xp 00000000 00:00 0                          [vdso]


VM Arguments:
java_command: /home/k/.local/share/jupyter/kernels/java/ijava-1.3.0.jar /home/k/.local/share/jupyter/runtime/kernel-v2-251p0ZiJksxnAjO.json
java_class_path (initial): /home/k/.local/share/jupyter/kernels/java/ijava-1.3.0.jar

[error occurred during error reporting (printing VM options), id 0x7, SIGBUS (0x7) at pc=0x00007fdf4012a8f2]

[Global flags]

[error occurred during error reporting (printing flags), id 0x7, SIGBUS (0x7) at pc=0x00007fdf4066b187]


[error occurred during error reporting (printing warning if internal testing API used), id 0x7, SIGBUS (0x7) at pc=0x00007fdf40ca6d26]

Logging:
Log output configuration:
 #0: 
[error occurred during error reporting (printing log configuration), id 0x7, SIGBUS (0x7) at pc=0x00007fdf407f5589]

Environment Variables:

[error occurred during error reporting (printing all environment variables), id 0x7, SIGBUS (0x7) at pc=0x00007fdf41184eb9]

Signal Handlers:

[error occurred during error reporting (printing signal handlers), id 0x7, SIGBUS (0x7) at pc=0x00007fdf412c94d2]


---------------  S Y S T E M  ---------------

OS:
